113 [33728] INFO perfrun.launcher <> - Launcher main begin
119 [33728] INFO perfrun.launcher <> - MessageCatalogInit finished
119 [33728] INFO perfrun.launcher <> - Launcher instance created
119 [33728] INFO perfrun.launcher <> - argc = 7; cmdline = D:\'\paralleling\vtune\2024.0\bin64\amplxe-runss.exe --ui-output-format xml --ui-output-fd 952 --option-file D:\大二下\paralleling\实验\Analysisi\NSUM\r007hs\config\runss.options 
139 [33728] INFO perfrun.launcher <> - New signal handler callback was added
195 [33728] INFO perfrun.launcher <> - create msngr2::ICliToolContext
196 [33728] INFO perfrun.launcher <> - create file finder object
196 [33728] INFO perfrun.launcher <> - create a result directory: pattern = D:\大二下\paralleling\实验\Analysisi\NSUM\r007hs pid = 4294967295
199 [33728] INFO perfrun.launcher <> - create data directory = D:\大二下\paralleling\实验\Analysisi\NSUM\r007hs\data.0
200 [33728] INFO perfrun.launcher <> - Creating the master collection flag
210 [33728] INFO perfrun.launcher <> - Done creating the master collection flag
210 [10712] INFO perfrun.launcher <> - plugin [remoteplug] was disabled because it doesn't support the given collection type.
210 [10712] INFO perfrun.sdk <> - Allocating TMU :D:\大二下\paralleling\实验\Analysisi\NSUM\r007hs\data.0\systemcollector-21320-LAPTOP-5LELTKLF.sc
210 [10712] INFO perfrun.launcher <> - plugin [] was disabled because it doesn't support the given collection type.
214 [10712] INFO perfrun.launcher <> - plugin [] was disabled because it doesn't support the given collection type.
214 [10712] INFO perfrun.launcher <> - plugin [gpu] was disabled because it doesn't support the given collection type.
214 [10712] INFO perfrun.launcher <> - plugin [etw.kernel] was disabled because it doesn't support the given collection type.
214 [10712] INFO perfrun.launcher <> - plugin [etw.dx] was disabled because it doesn't support the given collection type.
214 [10712] INFO perfrun.launcher <> - plugin [etw.wsa] was disabled because it doesn't support the given collection type.
214 [10712] INFO perfrun.mrte <> - system-wide mode is 0
215 [10712] INFO perfrun.mrte <> - Getting  mrte profiling environment ...
230 [10712] INFO perfrun.mrte <> - INTEL_MRTE_DATA_DIR=D:\大二下\paralleling\实验\Analysisi\NSUM\r007hs\data.0
230 [10712] INFO perfrun.mrte <> - INTEL_MRTE_HOST_NAME=LAPTOP-5LELTKLF
230 [10712] INFO perfrun.mrte <> - JAVA_TOOL_OPTIONS=-agentlib:amplxe_tpssmrte_javaprof_1.0
230 [10712] INFO perfrun.mrte <> - PATH=D:\'\paralleling\vtune\2024.0\bin32\runtime;D:\'\paralleling\vtune\2024.0\bin64\runtime;D:\somesoftware\VMware\bin\;C:\Windows\System32\HWAudioDriverLibs;C:\Windows\system32;C:\Windows;C:\Windows\System32\Wbem;C:\Windows\System32\WindowsPowerShell\v1.0\;C:\Windows\System32\OpenSSH\;C:\Windows\system32\config\systemprofile\AppData\Local\Microsoft\WindowsApps;C:\WINDOWS\system32;C:\WINDOWS;C:\WINDOWS\System32\Wbem;C:\WINDOWS\System32\WindowsPowerShell\v1.0\;C:\WINDOWS\System32\OpenSSH\;D:\c++的trial\Microsoft VS Code\bin\mingw64\bin;;:\code\mingw64\bin;D:\Windows Kits\10\Windows Performance Toolkit\;D:\nodejs\;%NODE_PATH;D:\somesoftware\Git\cmd;D:\somesoftware\tmd-gcc\bin;D:\somesoftware\xshell\;D:\somesoftware\Python\Scripts\;D:\somesoftware\Python\;C:\Users\weiweiwei\AppData\Local\Microsoft\WindowsApps;D:\vscode\Microsoft VS Code\bin;D:\code\mingw64\bin;D:\nodejs\node_global;D:\Microsoft VS Code\bin;D:\somesoftware\Python\PyCharm Community Edition 2023.3.2\bin
230 [10712] INFO perfrun.mrte <> - COR_ENABLE_PROFILING=1
230 [10712] INFO perfrun.mrte <> - COR_PROFILER={AA5E4821-E3B1-479c-B7FF-5AD047D22CED}
230 [10712] INFO perfrun.mrte <> - COMPLUS_ProfAPI_ProfilerCompatibilitySetting=EnableV2Profiler
230 [10712] INFO perfrun.mrte <> - CORECLR_ENABLE_PROFILING=1
230 [10712] INFO perfrun.mrte <> - CORECLR_PROFILER={AA5E4821-E3B1-479c-B7FF-5AD047D22CED}
230 [10712] INFO perfrun.mrte <> - CORECLR_PROFILER_PATH=D:\'\paralleling\vtune\2024.0\bin64/amplxe_samplingmrte_clrprof_1.0.dll
230 [10712] INFO perfrun.mrte <> - INTEL_MRTE_PROFILER_MODE=mixed
230 [10712] INFO perfrun.mrte <> - Data directory: D:\大二下\paralleling\实验\Analysisi\NSUM\r007hs\data.0
230 [10712] INFO perfrun.mrte <> - Mrte plugin is initialized
230 [10712] INFO perfrun.launcher <> - plugin [cuscol] was disabled because it doesn't support the given collection type.
230 [10712] INFO perfrun.launcher <> - plugin [stdsrc] was disabled because it doesn't support the given collection type.
231 [10712] INFO perfrun.launcher <> - plugin [sep] was disabled because it doesn't support the given collection type.
231 [10712] INFO perfrun.launcher <> - plugin [vtsspp] was disabled because it doesn't support the given collection type.
231 [10712] INFO perfrun.launcher <> - plugin [] was disabled because it doesn't support the given collection type.
231 [10712] INFO perfrun.launcher <> - plugin [aoclprofile] was disabled because it doesn't support the given collection type.
231 [10712] INFO perfrun.tpss <> - initialize tpss controller
231 [10712] INFO perfrun.tpss <> - configure collection mode: value = cpu:counters:nostack
231 [10712] INFO perfrun.tpss <> - configure collection mode: value = cpu:stack
231 [10712] INFO perfrun.tpss <> - default obj-size-min=1024
231 [10712] INFO perfrun.tpss <> - default hash-table-size=0
231 [10712] INFO perfrun.launcher <> - plugin [] was disabled because it doesn't support the given collection type.
231 [10712] INFO perfrun.launcher <> - plugin [] was disabled because it doesn't support the given collection type.
231 [10712] INFO perfrun.launcher <> - plugin [] was disabled because it doesn't support the given collection type.
231 [10712] INFO perfrun.launcher <> - plugin [] was disabled because it doesn't support the given collection type.
231 [10712] INFO perfrun.launcher <> - plugin [power] was disabled because it doesn't support the given collection type.
231 [10712] INFO perfrun.launcher <> - plugin [] was disabled because it doesn't support the given collection type.
231 [10712] INFO perfrun.launcher <> - plugin [ipmwatch] was disabled because it doesn't support the given collection type.
231 [10712] INFO perfrun.launcher <> - plugin [os_counters] was disabled because it doesn't support the given collection type.
231 [10712] INFO perfrun.launcher <> - plugin [l0_metrics] was disabled because it doesn't support the given collection type.
231 [33728] INFO perfrun.launcher <> - set environment variable: PATH = D:\'\paralleling\vtune\2024.0\bin32\runtime;D:\'\paralleling\vtune\2024.0\bin64\runtime;D:\somesoftware\VMware\bin\;C:\Windows\System32\HWAudioDriverLibs;C:\Windows\system32;C:\Windows;C:\Windows\System32\Wbem;C:\Windows\System32\WindowsPowerShell\v1.0\;C:\Windows\System32\OpenSSH\;C:\Windows\system32\config\systemprofile\AppData\Local\Microsoft\WindowsApps;C:\WINDOWS\system32;C:\WINDOWS;C:\WINDOWS\System32\Wbem;C:\WINDOWS\System32\WindowsPowerShell\v1.0\;C:\WINDOWS\System32\OpenSSH\;D:\c++的trial\Microsoft VS Code\bin\mingw64\bin;;:\code\mingw64\bin;D:\Windows Kits\10\Windows Performance Toolkit\;D:\nodejs\;%NODE_PATH;D:\somesoftware\Git\cmd;D:\somesoftware\tmd-gcc\bin;D:\somesoftware\xshell\;D:\somesoftware\Python\Scripts\;D:\somesoftware\Python\;C:\Users\weiweiwei\AppData\Local\Microsoft\WindowsApps;D:\vscode\Microsoft VS Code\bin;D:\code\mingw64\bin;D:\nodejs\node_global;D:\Microsoft VS Code\bin;D:\somesoftware\Python\PyCharm Community Edition 2023.3.2\bin
232 [33728] INFO perfrun.launcher <> - set environment variable: INTEL_LIBITTNOTIFY32 = D:\'\paralleling\vtune\2024.0\bin32\runtime\ittnotify_collector.dll
232 [33728] INFO perfrun.launcher <> - set environment variable: INTEL_LIBITTNOTIFY64 = D:\'\paralleling\vtune\2024.0\bin64\runtime\ittnotify_collector.dll
232 [33728] INFO perfrun.launcher <> - set environment variable: INTEL_ITTNOTIFY_GROUPS = 
232 [33728] INFO perfrun.launcher <> - set environment variable: INTEL_JIT_PROFILER32 = D:\'\paralleling\vtune\2024.0\bin32\runtime\ittnotify_collector.dll
232 [33728] INFO perfrun.launcher <> - set environment variable: INTEL_JIT_PROFILER64 = D:\'\paralleling\vtune\2024.0\bin64\runtime\ittnotify_collector.dll
232 [33728] INFO perfrun.launcher <> - set environment variable: ENABLE_JITPROFILING = 1
232 [33728] INFO perfrun.launcher <> - set environment variable: CL_CONFIG_USE_VTUNE = True
232 [33728] INFO perfrun.launcher <> - set environment variable: KMP_FORKJOIN_FRAMES = 0
233 [33728] INFO perfrun.launcher <> - set environment variable: KMP_FORKJOIN_FRAMES_MODE = 0
233 [33728] INFO perfrun.launcher <> - set environment variable: INTEL_MRTE_DATA_DIR = D:\大二下\paralleling\实验\Analysisi\NSUM\r007hs\data.0
233 [33728] INFO perfrun.launcher <> - set environment variable: INTEL_MRTE_HOST_NAME = LAPTOP-5LELTKLF
233 [33728] INFO perfrun.launcher <> - set environment variable: JAVA_TOOL_OPTIONS = -agentlib:amplxe_tpssmrte_javaprof_1.0
233 [33728] INFO perfrun.launcher <> - set environment variable: PATH = D:\'\paralleling\vtune\2024.0\bin32\runtime;D:\'\paralleling\vtune\2024.0\bin64\runtime;D:\somesoftware\VMware\bin\;C:\Windows\System32\HWAudioDriverLibs;C:\Windows\system32;C:\Windows;C:\Windows\System32\Wbem;C:\Windows\System32\WindowsPowerShell\v1.0\;C:\Windows\System32\OpenSSH\;C:\Windows\system32\config\systemprofile\AppData\Local\Microsoft\WindowsApps;C:\WINDOWS\system32;C:\WINDOWS;C:\WINDOWS\System32\Wbem;C:\WINDOWS\System32\WindowsPowerShell\v1.0\;C:\WINDOWS\System32\OpenSSH\;D:\c++的trial\Microsoft VS Code\bin\mingw64\bin;;:\code\mingw64\bin;D:\Windows Kits\10\Windows Performance Toolkit\;D:\nodejs\;%NODE_PATH;D:\somesoftware\Git\cmd;D:\somesoftware\tmd-gcc\bin;D:\somesoftware\xshell\;D:\somesoftware\Python\Scripts\;D:\somesoftware\Python\;C:\Users\weiweiwei\AppData\Local\Microsoft\WindowsApps;D:\vscode\Microsoft VS Code\bin;D:\code\mingw64\bin;D:\nodejs\node_global;D:\Microsoft VS Code\bin;D:\somesoftware\Python\PyCharm Community Edition 2023.3.2\bin
233 [33728] INFO perfrun.launcher <> - set environment variable: COR_ENABLE_PROFILING = 1
233 [33728] INFO perfrun.launcher <> - set environment variable: COR_PROFILER = {AA5E4821-E3B1-479c-B7FF-5AD047D22CED}
234 [33728] INFO perfrun.launcher <> - set environment variable: COMPLUS_ProfAPI_ProfilerCompatibilitySetting = EnableV2Profiler
234 [33728] INFO perfrun.launcher <> - set environment variable: CORECLR_ENABLE_PROFILING = 1
234 [33728] INFO perfrun.launcher <> - set environment variable: CORECLR_PROFILER = {AA5E4821-E3B1-479c-B7FF-5AD047D22CED}
234 [33728] INFO perfrun.launcher <> - set environment variable: CORECLR_PROFILER_PATH = D:\'\paralleling\vtune\2024.0\bin64/amplxe_samplingmrte_clrprof_1.0.dll
234 [33728] INFO perfrun.launcher <> - set environment variable: INTEL_MRTE_PROFILER_MODE = mixed
234 [33728] INFO perfrun.launcher <> - RpcServer: run RPC server to handle requests
240 [33728] INFO perfrun.sdk <> - IProcessUtil: the given executable 'D:\大二下\paralleling\实验\lab1\nsum_optimization\main.exe' is valid.
241 [33728] INFO perfrun.launcher <> - Launcher: command line to start before modification = D:\大二下\paralleling\实验\lab1\nsum_optimization\main.exe
243 [33728] INFO perfrun.launcher <> - Launcher: command line to start after modification = D:\'\paralleling\vtune\2024.0\bin64\pin.exe -error_file D:\大二下\paralleling\实验\Analysisi\NSUM\r007hs\data.0\pinerr.tpsslog -detach_reattach -probe -follow_execv -p32 D:\'\paralleling\vtune\2024.0\bin32\pin.exe -p64 D:\'\paralleling\vtune\2024.0\bin64\pin.exe -t64 D:\'\paralleling\vtune\2024.0\bin64\tpsstool.dll -t D:\'\paralleling\vtune\2024.0\bin32\tpsstool.dll -server_name tpss_ipc.21320 -prd_dir D:\'\paralleling\vtune\2024.0 -- D:\大二下\paralleling\实验\lab1\nsum_optimization\main.exe
243 [33728] INFO perfrun.launcher <> - ProcessCreator object was created
248 [33728] INFO perfrun.launcher <> - Launcher: the process was started in suspend mode
248 [10712] INFO perfrun.itt <> - start itt controller for pid #5252
250 [10712] INFO perfrun.sdk <> - runCmd: D:\'\paralleling\vtune\2024.0\bin64\emon.exe -M
255 [10712] INFO perfrun.sdk <> - runCmd started PID 16504
436 [10712] INFO perfrun.sdk <> - runCmd: D:\'\paralleling\vtune\2024.0\bin64\emon.exe -v
441 [10712] INFO perfrun.sdk <> - runCmd started PID 22956
639 [10712] INFO perfrun.sdk <> - runCmd: D:\'\paralleling\vtune\2024.0\bin64\sep.exe -dry-run -ec CPU_CLK_UNHALTED.THREAD,CPU_CLK_UNHALTED.REF_TSC:sample:sa=1100000,INST_RETIRED.ANY:sample:sa=1100000,CPU_CLK_UNHALTED.DISTRIBUTED,FP_ARITH_INST_RETIRED.SCALAR_SINGLE,FP_ARITH_INST_RETIRED.128B_PACKED_SINGLE,FP_ARITH_INST_RETIRED.256B_PACKED_SINGLE,FP_ARITH_INST_RETIRED.SCALAR_DOUBLE,FP_ARITH_INST_RETIRED.128B_PACKED_DOUBLE,FP_ARITH_INST_RETIRED.256B_PACKED_DOUBLE,UOPS_EXECUTED.X87,UOPS_RETIRED.SLOTS:sample:sa=2000003,UOPS_EXECUTED.THREAD,FP_ARITH_INST_RETIRED.512B_PACKED_DOUBLE,FP_ARITH_INST_RETIRED.512B_PACKED_SINGLE,TOPDOWN.SLOTS:sample:sa=2000003 -experimental
645 [10712] INFO perfrun.sdk <> - runCmd started PID 27996
829 [10712] INFO perfrun.sdk <> - runCmd: D:\'\paralleling\vtune\2024.0\bin64\emon.exe -u -t 0.050 -l0 -A -C CPU_CLK_UNHALTED.DISTRIBUTED,CPU_CLK_UNHALTED.REF_TSC,CPU_CLK_UNHALTED.THREAD,FP_ARITH_INST_RETIRED.128B_PACKED_DOUBLE,FP_ARITH_INST_RETIRED.128B_PACKED_SINGLE,FP_ARITH_INST_RETIRED.256B_PACKED_DOUBLE,FP_ARITH_INST_RETIRED.256B_PACKED_SINGLE,FP_ARITH_INST_RETIRED.512B_PACKED_DOUBLE,FP_ARITH_INST_RETIRED.512B_PACKED_SINGLE,FP_ARITH_INST_RETIRED.SCALAR_DOUBLE,FP_ARITH_INST_RETIRED.SCALAR_SINGLE,INST_RETIRED.ANY,TOPDOWN.SLOTS,UOPS_EXECUTED.THREAD,UOPS_EXECUTED.X87,UOPS_RETIRED.SLOTS -f D:\大二下\paralleling\实验\Analysisi\NSUM\r007hs\data.0\emon.0.emon -experimental
835 [10712] INFO perfrun.sdk <> - runCmd started PID 29356
835 [10712] INFO perfrun.emon <> - Waiting trace file creation: D:\大二下\paralleling\实验\Analysisi\NSUM\r007hs\data.0\emon.0.emon
1251 [10712] INFO perfrun.emon <> - trace file was found
1251 [10712] INFO perfrun.tpss <> - start tpss controller for pid #5252
1312 [33728] INFO perfrun.launcher <> - Launcher: all plugins were started
1312 [33728] INFO perfrun.launcher <> - DirectoryMonitor object was created
1312 [33728] INFO perfrun.launcher <> - DirectoryMonitor: a callback was added
1312 [33728] INFO perfrun.launcher <> - DirectoryMonitor was started with pingTime = 1000
1312 [33728] INFO perfrun.launcher <> - DeadlineTimer is going to be constructed
1312 [33728] INFO perfrun.launcher <> - DeadlineTimer: a callback was added
1321 [33728] INFO perfrun.launcher <> - Launcher: resume the profiled application and  wait its termination or stop command
1590 [33728] INFO perfrun.launcher <> - Launcher: the profiled application was terminated  with exit code = 0
1599 [10712] INFO perfrun.itt <> - detach itt controller
1599 [10712] INFO perfrun.itt <> - detach itt controller done
1599 [10712] INFO perfrun.sdk <> - runCmd: D:\'\paralleling\vtune\2024.0\bin64\emon.exe -stop
1605 [10712] INFO perfrun.sdk <> - runCmd started PID 27736
1912 [10712] INFO perfrun.emon <> - WARNING: Windows Defender Antivirus may interfere PMU counter accesses which can fail to collect data in the collection. Please turn off Real Time Protection toggle switch and re-run the collection. Refer to EMON User Guide for more details.
EMON collector successfully stopped.

1912 [10712] INFO perfrun.emon <> - Waiting for main Emon process (29356) to finish...
1913 [10712] INFO perfrun.emon <> - Main Emon process finished
1913 [10712] INFO perfrun.tpss <> - stop tpss controller
1913 [10712] INFO perfrun.sdk <> - De-allocating TMU: D:\大二下\paralleling\实验\Analysisi\NSUM\r007hs\data.0\systemcollector-21320-LAPTOP-5LELTKLF.sc
1936 [10712] INFO perfrun.system <> - closed the system trace file: D:\大二下\paralleling\实验\Analysisi\NSUM\r007hs\data.0\systemcollector-21320-LAPTOP-5LELTKLF.sc
1936 [33728] INFO perfrun.launcher <> - Launcher: all plugins were stopped.
1936 [33728] INFO perfrun.launcher <> - DeadlineTimer is going to be destroyed
1937 [33728] INFO perfrun.launcher <> - DeadlineTimer was destroyed
1937 [33728] INFO perfrun.launcher <> - DirectoryMonitor object was destroyed
1937 [33728] WARN perfrun.launcher <> - Stop command is ignored because it is received when collection is already stopped, at file: vcs\perfrun1\launcher\src\command_handler.cpp:226
1938 [33728] INFO perfrun.launcher <> - Application exit code: 0
1938 [33728] INFO perfrun.launcher <> - Exit code: 0
