130 [11500] INFO perfrun.launcher <> - Launcher main begin
136 [11500] INFO perfrun.launcher <> - MessageCatalogInit finished
136 [11500] INFO perfrun.launcher <> - Launcher instance created
136 [11500] INFO perfrun.launcher <> - argc = 7; cmdline = D:\'\paralleling\vtune\2024.0\bin64\amplxe-runss.exe --ui-output-format xml --ui-output-fd 1176 --option-file D:\大二下\paralleling\实验\Analysisi\NSUM\r003hs\config\runss.options 
159 [11500] INFO perfrun.launcher <> - New signal handler callback was added
214 [11500] INFO perfrun.launcher <> - create msngr2::ICliToolContext
215 [11500] INFO perfrun.launcher <> - create file finder object
215 [11500] INFO perfrun.launcher <> - create a result directory: pattern = D:\大二下\paralleling\实验\Analysisi\NSUM\r003hs pid = 4294967295
218 [11500] INFO perfrun.launcher <> - create data directory = D:\大二下\paralleling\实验\Analysisi\NSUM\r003hs\data.0
219 [11500] INFO perfrun.launcher <> - Creating the master collection flag
229 [11500] INFO perfrun.launcher <> - Done creating the master collection flag
229 [21208] INFO perfrun.launcher <> - plugin [remoteplug] was disabled because it doesn't support the given collection type.
229 [21208] INFO perfrun.sdk <> - Allocating TMU :D:\大二下\paralleling\实验\Analysisi\NSUM\r003hs\data.0\systemcollector-32788-LAPTOP-5LELTKLF.sc
230 [21208] INFO perfrun.launcher <> - plugin [] was disabled because it doesn't support the given collection type.
233 [21208] INFO perfrun.launcher <> - plugin [] was disabled because it doesn't support the given collection type.
234 [21208] INFO perfrun.launcher <> - plugin [gpu] was disabled because it doesn't support the given collection type.
234 [21208] INFO perfrun.launcher <> - plugin [etw.kernel] was disabled because it doesn't support the given collection type.
234 [21208] INFO perfrun.launcher <> - plugin [etw.dx] was disabled because it doesn't support the given collection type.
234 [21208] INFO perfrun.launcher <> - plugin [etw.wsa] was disabled because it doesn't support the given collection type.
234 [21208] INFO perfrun.mrte <> - system-wide mode is 0
234 [21208] INFO perfrun.mrte <> - Getting  mrte profiling environment ...
254 [21208] INFO perfrun.mrte <> - INTEL_MRTE_DATA_DIR=D:\大二下\paralleling\实验\Analysisi\NSUM\r003hs\data.0
254 [21208] INFO perfrun.mrte <> - INTEL_MRTE_HOST_NAME=LAPTOP-5LELTKLF
254 [21208] INFO perfrun.mrte <> - JAVA_TOOL_OPTIONS=-agentlib:amplxe_tpssmrte_javaprof_1.0
254 [21208] INFO perfrun.mrte <> - PATH=D:\'\paralleling\vtune\2024.0\bin32\runtime;D:\'\paralleling\vtune\2024.0\bin64\runtime;D:\somesoftware\VMware\bin\;C:\Windows\System32\HWAudioDriverLibs;C:\Windows\system32;C:\Windows;C:\Windows\System32\Wbem;C:\Windows\System32\WindowsPowerShell\v1.0\;C:\Windows\System32\OpenSSH\;C:\Windows\system32\config\systemprofile\AppData\Local\Microsoft\WindowsApps;C:\WINDOWS\system32;C:\WINDOWS;C:\WINDOWS\System32\Wbem;C:\WINDOWS\System32\WindowsPowerShell\v1.0\;C:\WINDOWS\System32\OpenSSH\;D:\c++的trial\Microsoft VS Code\bin\mingw64\bin;;:\code\mingw64\bin;D:\Windows Kits\10\Windows Performance Toolkit\;D:\nodejs\;%NODE_PATH;D:\somesoftware\Git\cmd;D:\somesoftware\tmd-gcc\bin;D:\somesoftware\xshell\;D:\somesoftware\Python\Scripts\;D:\somesoftware\Python\;C:\Users\weiweiwei\AppData\Local\Microsoft\WindowsApps;D:\vscode\Microsoft VS Code\bin;D:\code\mingw64\bin;D:\nodejs\node_global;D:\Microsoft VS Code\bin;D:\somesoftware\Python\PyCharm Community Edition 2023.3.2\bin
254 [21208] INFO perfrun.mrte <> - COR_ENABLE_PROFILING=1
254 [21208] INFO perfrun.mrte <> - COR_PROFILER={AA5E4821-E3B1-479c-B7FF-5AD047D22CED}
254 [21208] INFO perfrun.mrte <> - COMPLUS_ProfAPI_ProfilerCompatibilitySetting=EnableV2Profiler
254 [21208] INFO perfrun.mrte <> - CORECLR_ENABLE_PROFILING=1
254 [21208] INFO perfrun.mrte <> - CORECLR_PROFILER={AA5E4821-E3B1-479c-B7FF-5AD047D22CED}
254 [21208] INFO perfrun.mrte <> - CORECLR_PROFILER_PATH=D:\'\paralleling\vtune\2024.0\bin64/amplxe_samplingmrte_clrprof_1.0.dll
254 [21208] INFO perfrun.mrte <> - INTEL_MRTE_PROFILER_MODE=mixed
254 [21208] INFO perfrun.mrte <> - Data directory: D:\大二下\paralleling\实验\Analysisi\NSUM\r003hs\data.0
254 [21208] INFO perfrun.mrte <> - Mrte plugin is initialized
255 [21208] INFO perfrun.launcher <> - plugin [cuscol] was disabled because it doesn't support the given collection type.
255 [21208] INFO perfrun.launcher <> - plugin [stdsrc] was disabled because it doesn't support the given collection type.
255 [21208] INFO perfrun.launcher <> - plugin [sep] was disabled because it doesn't support the given collection type.
255 [21208] INFO perfrun.launcher <> - plugin [vtsspp] was disabled because it doesn't support the given collection type.
255 [21208] INFO perfrun.launcher <> - plugin [] was disabled because it doesn't support the given collection type.
255 [21208] INFO perfrun.launcher <> - plugin [aoclprofile] was disabled because it doesn't support the given collection type.
255 [21208] INFO perfrun.tpss <> - initialize tpss controller
255 [21208] INFO perfrun.tpss <> - configure collection mode: value = cpu:counters:nostack
255 [21208] INFO perfrun.tpss <> - configure collection mode: value = cpu:stack
255 [21208] INFO perfrun.tpss <> - default obj-size-min=1024
255 [21208] INFO perfrun.tpss <> - default hash-table-size=0
255 [21208] INFO perfrun.launcher <> - plugin [] was disabled because it doesn't support the given collection type.
255 [21208] INFO perfrun.launcher <> - plugin [] was disabled because it doesn't support the given collection type.
255 [21208] INFO perfrun.launcher <> - plugin [] was disabled because it doesn't support the given collection type.
255 [21208] INFO perfrun.launcher <> - plugin [] was disabled because it doesn't support the given collection type.
255 [21208] INFO perfrun.launcher <> - plugin [power] was disabled because it doesn't support the given collection type.
255 [21208] INFO perfrun.launcher <> - plugin [] was disabled because it doesn't support the given collection type.
255 [21208] INFO perfrun.launcher <> - plugin [ipmwatch] was disabled because it doesn't support the given collection type.
255 [21208] INFO perfrun.launcher <> - plugin [os_counters] was disabled because it doesn't support the given collection type.
255 [21208] INFO perfrun.launcher <> - plugin [l0_metrics] was disabled because it doesn't support the given collection type.
256 [11500] INFO perfrun.launcher <> - set environment variable: PATH = D:\'\paralleling\vtune\2024.0\bin32\runtime;D:\'\paralleling\vtune\2024.0\bin64\runtime;D:\somesoftware\VMware\bin\;C:\Windows\System32\HWAudioDriverLibs;C:\Windows\system32;C:\Windows;C:\Windows\System32\Wbem;C:\Windows\System32\WindowsPowerShell\v1.0\;C:\Windows\System32\OpenSSH\;C:\Windows\system32\config\systemprofile\AppData\Local\Microsoft\WindowsApps;C:\WINDOWS\system32;C:\WINDOWS;C:\WINDOWS\System32\Wbem;C:\WINDOWS\System32\WindowsPowerShell\v1.0\;C:\WINDOWS\System32\OpenSSH\;D:\c++的trial\Microsoft VS Code\bin\mingw64\bin;;:\code\mingw64\bin;D:\Windows Kits\10\Windows Performance Toolkit\;D:\nodejs\;%NODE_PATH;D:\somesoftware\Git\cmd;D:\somesoftware\tmd-gcc\bin;D:\somesoftware\xshell\;D:\somesoftware\Python\Scripts\;D:\somesoftware\Python\;C:\Users\weiweiwei\AppData\Local\Microsoft\WindowsApps;D:\vscode\Microsoft VS Code\bin;D:\code\mingw64\bin;D:\nodejs\node_global;D:\Microsoft VS Code\bin;D:\somesoftware\Python\PyCharm Community Edition 2023.3.2\bin
256 [11500] INFO perfrun.launcher <> - set environment variable: INTEL_LIBITTNOTIFY32 = D:\'\paralleling\vtune\2024.0\bin32\runtime\ittnotify_collector.dll
256 [11500] INFO perfrun.launcher <> - set environment variable: INTEL_LIBITTNOTIFY64 = D:\'\paralleling\vtune\2024.0\bin64\runtime\ittnotify_collector.dll
256 [11500] INFO perfrun.launcher <> - set environment variable: INTEL_ITTNOTIFY_GROUPS = 
256 [11500] INFO perfrun.launcher <> - set environment variable: INTEL_JIT_PROFILER32 = D:\'\paralleling\vtune\2024.0\bin32\runtime\ittnotify_collector.dll
256 [11500] INFO perfrun.launcher <> - set environment variable: INTEL_JIT_PROFILER64 = D:\'\paralleling\vtune\2024.0\bin64\runtime\ittnotify_collector.dll
256 [11500] INFO perfrun.launcher <> - set environment variable: ENABLE_JITPROFILING = 1
256 [11500] INFO perfrun.launcher <> - set environment variable: CL_CONFIG_USE_VTUNE = True
256 [11500] INFO perfrun.launcher <> - set environment variable: KMP_FORKJOIN_FRAMES = 0
256 [11500] INFO perfrun.launcher <> - set environment variable: KMP_FORKJOIN_FRAMES_MODE = 0
256 [11500] INFO perfrun.launcher <> - set environment variable: INTEL_MRTE_DATA_DIR = D:\大二下\paralleling\实验\Analysisi\NSUM\r003hs\data.0
256 [11500] INFO perfrun.launcher <> - set environment variable: INTEL_MRTE_HOST_NAME = LAPTOP-5LELTKLF
257 [11500] INFO perfrun.launcher <> - set environment variable: JAVA_TOOL_OPTIONS = -agentlib:amplxe_tpssmrte_javaprof_1.0
257 [11500] INFO perfrun.launcher <> - set environment variable: PATH = D:\'\paralleling\vtune\2024.0\bin32\runtime;D:\'\paralleling\vtune\2024.0\bin64\runtime;D:\somesoftware\VMware\bin\;C:\Windows\System32\HWAudioDriverLibs;C:\Windows\system32;C:\Windows;C:\Windows\System32\Wbem;C:\Windows\System32\WindowsPowerShell\v1.0\;C:\Windows\System32\OpenSSH\;C:\Windows\system32\config\systemprofile\AppData\Local\Microsoft\WindowsApps;C:\WINDOWS\system32;C:\WINDOWS;C:\WINDOWS\System32\Wbem;C:\WINDOWS\System32\WindowsPowerShell\v1.0\;C:\WINDOWS\System32\OpenSSH\;D:\c++的trial\Microsoft VS Code\bin\mingw64\bin;;:\code\mingw64\bin;D:\Windows Kits\10\Windows Performance Toolkit\;D:\nodejs\;%NODE_PATH;D:\somesoftware\Git\cmd;D:\somesoftware\tmd-gcc\bin;D:\somesoftware\xshell\;D:\somesoftware\Python\Scripts\;D:\somesoftware\Python\;C:\Users\weiweiwei\AppData\Local\Microsoft\WindowsApps;D:\vscode\Microsoft VS Code\bin;D:\code\mingw64\bin;D:\nodejs\node_global;D:\Microsoft VS Code\bin;D:\somesoftware\Python\PyCharm Community Edition 2023.3.2\bin
257 [11500] INFO perfrun.launcher <> - set environment variable: COR_ENABLE_PROFILING = 1
257 [11500] INFO perfrun.launcher <> - set environment variable: COR_PROFILER = {AA5E4821-E3B1-479c-B7FF-5AD047D22CED}
257 [11500] INFO perfrun.launcher <> - set environment variable: COMPLUS_ProfAPI_ProfilerCompatibilitySetting = EnableV2Profiler
257 [11500] INFO perfrun.launcher <> - set environment variable: CORECLR_ENABLE_PROFILING = 1
257 [11500] INFO perfrun.launcher <> - set environment variable: CORECLR_PROFILER = {AA5E4821-E3B1-479c-B7FF-5AD047D22CED}
257 [11500] INFO perfrun.launcher <> - set environment variable: CORECLR_PROFILER_PATH = D:\'\paralleling\vtune\2024.0\bin64/amplxe_samplingmrte_clrprof_1.0.dll
257 [11500] INFO perfrun.launcher <> - set environment variable: INTEL_MRTE_PROFILER_MODE = mixed
257 [11500] INFO perfrun.launcher <> - RpcServer: run RPC server to handle requests
265 [11500] INFO perfrun.sdk <> - IProcessUtil: the given executable 'D:\大二下\paralleling\实验\lab1\nsum_optimization\main.exe' is valid.
265 [11500] INFO perfrun.launcher <> - Launcher: command line to start before modification = D:\大二下\paralleling\实验\lab1\nsum_optimization\main.exe
268 [11500] INFO perfrun.launcher <> - Launcher: command line to start after modification = D:\'\paralleling\vtune\2024.0\bin64\pin.exe -error_file D:\大二下\paralleling\实验\Analysisi\NSUM\r003hs\data.0\pinerr.tpsslog -detach_reattach -probe -follow_execv -p32 D:\'\paralleling\vtune\2024.0\bin32\pin.exe -p64 D:\'\paralleling\vtune\2024.0\bin64\pin.exe -t64 D:\'\paralleling\vtune\2024.0\bin64\tpsstool.dll -t D:\'\paralleling\vtune\2024.0\bin32\tpsstool.dll -server_name tpss_ipc.32788 -prd_dir D:\'\paralleling\vtune\2024.0 -- D:\大二下\paralleling\实验\lab1\nsum_optimization\main.exe
268 [11500] INFO perfrun.launcher <> - ProcessCreator object was created
273 [11500] INFO perfrun.launcher <> - Launcher: the process was started in suspend mode
275 [21208] INFO perfrun.itt <> - start itt controller for pid #19548
277 [21208] INFO perfrun.sdk <> - runCmd: D:\'\paralleling\vtune\2024.0\bin64\emon.exe -M
282 [21208] INFO perfrun.sdk <> - runCmd started PID 13972
448 [21208] INFO perfrun.sdk <> - runCmd: D:\'\paralleling\vtune\2024.0\bin64\emon.exe -v
455 [21208] INFO perfrun.sdk <> - runCmd started PID 24552
641 [21208] INFO perfrun.sdk <> - runCmd: D:\'\paralleling\vtune\2024.0\bin64\sep.exe -dry-run -ec CPU_CLK_UNHALTED.THREAD,CPU_CLK_UNHALTED.REF_TSC:sample:sa=1100000,INST_RETIRED.ANY:sample:sa=1100000,CPU_CLK_UNHALTED.DISTRIBUTED,FP_ARITH_INST_RETIRED.SCALAR_SINGLE,FP_ARITH_INST_RETIRED.128B_PACKED_SINGLE,FP_ARITH_INST_RETIRED.256B_PACKED_SINGLE,FP_ARITH_INST_RETIRED.SCALAR_DOUBLE,FP_ARITH_INST_RETIRED.128B_PACKED_DOUBLE,FP_ARITH_INST_RETIRED.256B_PACKED_DOUBLE,UOPS_EXECUTED.X87,UOPS_RETIRED.SLOTS:sample:sa=2000003,UOPS_EXECUTED.THREAD,FP_ARITH_INST_RETIRED.512B_PACKED_DOUBLE,FP_ARITH_INST_RETIRED.512B_PACKED_SINGLE,TOPDOWN.SLOTS:sample:sa=2000003 -experimental
648 [21208] INFO perfrun.sdk <> - runCmd started PID 24644
851 [21208] INFO perfrun.sdk <> - runCmd: D:\'\paralleling\vtune\2024.0\bin64\emon.exe -u -t 0.050 -l0 -A -C CPU_CLK_UNHALTED.DISTRIBUTED,CPU_CLK_UNHALTED.REF_TSC,CPU_CLK_UNHALTED.THREAD,FP_ARITH_INST_RETIRED.128B_PACKED_DOUBLE,FP_ARITH_INST_RETIRED.128B_PACKED_SINGLE,FP_ARITH_INST_RETIRED.256B_PACKED_DOUBLE,FP_ARITH_INST_RETIRED.256B_PACKED_SINGLE,FP_ARITH_INST_RETIRED.512B_PACKED_DOUBLE,FP_ARITH_INST_RETIRED.512B_PACKED_SINGLE,FP_ARITH_INST_RETIRED.SCALAR_DOUBLE,FP_ARITH_INST_RETIRED.SCALAR_SINGLE,INST_RETIRED.ANY,TOPDOWN.SLOTS,UOPS_EXECUTED.THREAD,UOPS_EXECUTED.X87,UOPS_RETIRED.SLOTS -f D:\大二下\paralleling\实验\Analysisi\NSUM\r003hs\data.0\emon.0.emon -experimental
857 [21208] INFO perfrun.sdk <> - runCmd started PID 18912
857 [21208] INFO perfrun.emon <> - Waiting trace file creation: D:\大二下\paralleling\实验\Analysisi\NSUM\r003hs\data.0\emon.0.emon
1072 [21208] INFO perfrun.emon <> - trace file was found
1072 [21208] INFO perfrun.tpss <> - start tpss controller for pid #19548
1135 [11500] INFO perfrun.launcher <> - Launcher: all plugins were started
1135 [11500] INFO perfrun.launcher <> - DirectoryMonitor object was created
1135 [11500] INFO perfrun.launcher <> - DirectoryMonitor: a callback was added
1135 [11500] INFO perfrun.launcher <> - DirectoryMonitor was started with pingTime = 1000
1135 [11500] INFO perfrun.launcher <> - DeadlineTimer is going to be constructed
1135 [11500] INFO perfrun.launcher <> - DeadlineTimer: a callback was added
1145 [11500] INFO perfrun.launcher <> - Launcher: resume the profiled application and  wait its termination or stop command
1422 [11500] INFO perfrun.launcher <> - Launcher: the profiled application was terminated  with exit code = 0
1431 [21208] INFO perfrun.itt <> - detach itt controller
1431 [21208] INFO perfrun.itt <> - detach itt controller done
1431 [21208] INFO perfrun.sdk <> - runCmd: D:\'\paralleling\vtune\2024.0\bin64\emon.exe -stop
1436 [21208] INFO perfrun.sdk <> - runCmd started PID 10828
1807 [21208] INFO perfrun.emon <> - WARNING: Windows Defender Antivirus may interfere PMU counter accesses which can fail to collect data in the collection. Please turn off Real Time Protection toggle switch and re-run the collection. Refer to EMON User Guide for more details.
EMON collector successfully stopped.

1807 [21208] INFO perfrun.emon <> - Waiting for main Emon process (18912) to finish...
1807 [21208] INFO perfrun.emon <> - Main Emon process finished
1807 [21208] INFO perfrun.tpss <> - stop tpss controller
1808 [21208] INFO perfrun.sdk <> - De-allocating TMU: D:\大二下\paralleling\实验\Analysisi\NSUM\r003hs\data.0\systemcollector-32788-LAPTOP-5LELTKLF.sc
1827 [21208] INFO perfrun.system <> - closed the system trace file: D:\大二下\paralleling\实验\Analysisi\NSUM\r003hs\data.0\systemcollector-32788-LAPTOP-5LELTKLF.sc
1827 [11500] INFO perfrun.launcher <> - Launcher: all plugins were stopped.
1827 [11500] INFO perfrun.launcher <> - DeadlineTimer is going to be destroyed
1828 [11500] INFO perfrun.launcher <> - DeadlineTimer was destroyed
1828 [11500] INFO perfrun.launcher <> - DirectoryMonitor object was destroyed
1828 [11500] WARN perfrun.launcher <> - Stop command is ignored because it is received when collection is already stopped, at file: vcs\perfrun1\launcher\src\command_handler.cpp:226
1829 [11500] INFO perfrun.launcher <> - Application exit code: 0
1829 [11500] INFO perfrun.launcher <> - Exit code: 0
