116 [15940] INFO perfrun.launcher <> - Launcher main begin
124 [15940] INFO perfrun.launcher <> - MessageCatalogInit finished
124 [15940] INFO perfrun.launcher <> - Launcher instance created
124 [15940] INFO perfrun.launcher <> - argc = 7; cmdline = D:\'\paralleling\vtune\2024.0\bin64\amplxe-runss.exe --ui-output-format xml --ui-output-fd 1012 --option-file D:\大二下\paralleling\实验\Analysisi\NSUM\r000ps\config\runsa.options 
139 [15940] INFO perfrun.launcher <> - New signal handler callback was added
192 [15940] INFO perfrun.launcher <> - create msngr2::ICliToolContext
192 [15940] INFO perfrun.launcher <> - create file finder object
193 [15940] INFO perfrun.launcher <> - create a result directory: pattern = D:\大二下\paralleling\实验\Analysisi\NSUM\r000ps pid = 4294967295
195 [15940] INFO perfrun.launcher <> - create data directory = D:\大二下\paralleling\实验\Analysisi\NSUM\r000ps\data.0
196 [15940] INFO perfrun.launcher <> - Creating the master collection flag
205 [15940] INFO perfrun.launcher <> - Done creating the master collection flag
205 [30844] INFO perfrun.launcher <> - plugin [remoteplug] was disabled because it doesn't support the given collection type.
205 [30844] INFO perfrun.sdk <> - Allocating TMU :D:\大二下\paralleling\实验\Analysisi\NSUM\r000ps\data.0\systemcollector-11792-LAPTOP-5LELTKLF.sc
206 [30844] INFO perfrun.launcher <> - plugin [] was disabled because it doesn't support the given collection type.
206 [30844] INFO perfrun.launcher <> - plugin [itt] was disabled because it doesn't support the given collection type.
206 [30844] INFO perfrun.launcher <> - plugin [] was disabled because it doesn't support the given collection type.
206 [30844] INFO perfrun.gpu <> - Event consumer configurations: 
218 [30844] INFO perfrun.gpu <> - DeviceInfo: address 0:0:2.0 subdevice index 0 preset 2 sampling interval 1000us
218 [30844] INFO perfrun.gpu <> -  counting mode enabled
219 [30844] INFO perfrun.launcher <> - plugin [etw.kernel] was disabled because it doesn't support the given collection type.
219 [30844] INFO perfrun.launcher <> - plugin [etw.dx] was disabled because it doesn't support the given collection type.
219 [30844] INFO perfrun.launcher <> - plugin [etw.wsa] was disabled because it doesn't support the given collection type.
219 [30844] INFO perfrun.mrte <> - system-wide mode is 0
219 [30844] INFO perfrun.mrte <> - Getting  mrte profiling environment ...
235 [30844] INFO perfrun.mrte <> - INTEL_MRTE_DATA_DIR=D:\大二下\paralleling\实验\Analysisi\NSUM\r000ps\data.0
235 [30844] INFO perfrun.mrte <> - INTEL_MRTE_HOST_NAME=LAPTOP-5LELTKLF
235 [30844] INFO perfrun.mrte <> - JAVA_TOOL_OPTIONS=-agentlib:amplxe_samplingmrte_javaprof_1.0
235 [30844] INFO perfrun.mrte <> - PATH=D:\'\paralleling\vtune\2024.0\bin32\runtime;D:\'\paralleling\vtune\2024.0\bin64\runtime;D:\somesoftware\VMware\bin\;C:\Windows\System32\HWAudioDriverLibs;C:\Windows\system32;C:\Windows;C:\Windows\System32\Wbem;C:\Windows\System32\WindowsPowerShell\v1.0\;C:\Windows\System32\OpenSSH\;C:\Windows\system32\config\systemprofile\AppData\Local\Microsoft\WindowsApps;C:\WINDOWS\system32;C:\WINDOWS;C:\WINDOWS\System32\Wbem;C:\WINDOWS\System32\WindowsPowerShell\v1.0\;C:\WINDOWS\System32\OpenSSH\;D:\c++的trial\Microsoft VS Code\bin\mingw64\bin;;:\code\mingw64\bin;D:\Windows Kits\10\Windows Performance Toolkit\;D:\nodejs\;%NODE_PATH;D:\somesoftware\Git\cmd;D:\somesoftware\tmd-gcc\bin;D:\somesoftware\xshell\;D:\somesoftware\Python\Scripts\;D:\somesoftware\Python\;C:\Users\weiweiwei\AppData\Local\Microsoft\WindowsApps;D:\vscode\Microsoft VS Code\bin;D:\code\mingw64\bin;D:\nodejs\node_global;D:\Microsoft VS Code\bin;D:\somesoftware\Python\PyCharm Community Edition 2023.3.2\bin
235 [30844] INFO perfrun.mrte <> - COR_ENABLE_PROFILING=1
235 [30844] INFO perfrun.mrte <> - COR_PROFILER={AA5E4821-E3B1-479c-B7FF-5AD047D22CED}
235 [30844] INFO perfrun.mrte <> - COMPLUS_ProfAPI_ProfilerCompatibilitySetting=EnableV2Profiler
235 [30844] INFO perfrun.mrte <> - CORECLR_ENABLE_PROFILING=1
235 [30844] INFO perfrun.mrte <> - CORECLR_PROFILER={AA5E4821-E3B1-479c-B7FF-5AD047D22CED}
235 [30844] INFO perfrun.mrte <> - CORECLR_PROFILER_PATH=D:\'\paralleling\vtune\2024.0\bin64/amplxe_samplingmrte_clrprof_1.0.dll
235 [30844] INFO perfrun.mrte <> - INTEL_MRTE_PROFILER_MODE=mixed
235 [30844] INFO perfrun.mrte <> - Data directory: D:\大二下\paralleling\实验\Analysisi\NSUM\r000ps\data.0
235 [30844] INFO perfrun.mrte <> - Mrte plugin is initialized
236 [30844] INFO perfrun.launcher <> - plugin [cuscol] was disabled because it doesn't support the given collection type.
236 [30844] INFO perfrun.launcher <> - plugin [stdsrc] was disabled because it doesn't support the given collection type.
236 [30844] INFO perfrun.launcher <> - plugin [sep] was disabled because it doesn't support the given collection type.
236 [30844] INFO perfrun.launcher <> - plugin [vtsspp] was disabled because it doesn't support the given collection type.
236 [30844] INFO perfrun.launcher <> - plugin [] was disabled because it doesn't support the given collection type.
236 [30844] INFO perfrun.launcher <> - plugin [aoclprofile] was disabled because it doesn't support the given collection type.
236 [30844] INFO perfrun.tpss <> - initialize tpss controller
236 [30844] INFO perfrun.launcher <> - plugin [tpss] was disabled because it doesn't support the given collection type.
236 [30844] INFO perfrun.launcher <> - plugin [] was disabled because it doesn't support the given collection type.
236 [30844] INFO perfrun.launcher <> - plugin [] was disabled because it doesn't support the given collection type.
236 [30844] INFO perfrun.launcher <> - plugin [] was disabled because it doesn't support the given collection type.
236 [30844] INFO perfrun.launcher <> - plugin [] was disabled because it doesn't support the given collection type.
236 [30844] INFO perfrun.launcher <> - plugin [power] was disabled because it doesn't support the given collection type.
236 [30844] INFO perfrun.launcher <> - plugin [] was disabled because it doesn't support the given collection type.
236 [30844] INFO perfrun.launcher <> - plugin [ipmwatch] was disabled because it doesn't support the given collection type.
236 [30844] INFO perfrun.launcher <> - plugin [os_counters] was disabled because it doesn't support the given collection type.
236 [30844] INFO perfrun.launcher <> - plugin [l0_metrics] was disabled because it doesn't support the given collection type.
236 [15940] INFO perfrun.launcher <> - set environment variable: INTEL_MRTE_DATA_DIR = D:\大二下\paralleling\实验\Analysisi\NSUM\r000ps\data.0
236 [15940] INFO perfrun.launcher <> - set environment variable: INTEL_MRTE_HOST_NAME = LAPTOP-5LELTKLF
237 [15940] INFO perfrun.launcher <> - set environment variable: JAVA_TOOL_OPTIONS = -agentlib:amplxe_samplingmrte_javaprof_1.0
237 [15940] INFO perfrun.launcher <> - set environment variable: PATH = D:\'\paralleling\vtune\2024.0\bin32\runtime;D:\'\paralleling\vtune\2024.0\bin64\runtime;D:\somesoftware\VMware\bin\;C:\Windows\System32\HWAudioDriverLibs;C:\Windows\system32;C:\Windows;C:\Windows\System32\Wbem;C:\Windows\System32\WindowsPowerShell\v1.0\;C:\Windows\System32\OpenSSH\;C:\Windows\system32\config\systemprofile\AppData\Local\Microsoft\WindowsApps;C:\WINDOWS\system32;C:\WINDOWS;C:\WINDOWS\System32\Wbem;C:\WINDOWS\System32\WindowsPowerShell\v1.0\;C:\WINDOWS\System32\OpenSSH\;D:\c++的trial\Microsoft VS Code\bin\mingw64\bin;;:\code\mingw64\bin;D:\Windows Kits\10\Windows Performance Toolkit\;D:\nodejs\;%NODE_PATH;D:\somesoftware\Git\cmd;D:\somesoftware\tmd-gcc\bin;D:\somesoftware\xshell\;D:\somesoftware\Python\Scripts\;D:\somesoftware\Python\;C:\Users\weiweiwei\AppData\Local\Microsoft\WindowsApps;D:\vscode\Microsoft VS Code\bin;D:\code\mingw64\bin;D:\nodejs\node_global;D:\Microsoft VS Code\bin;D:\somesoftware\Python\PyCharm Community Edition 2023.3.2\bin
237 [15940] INFO perfrun.launcher <> - set environment variable: COR_ENABLE_PROFILING = 1
237 [15940] INFO perfrun.launcher <> - set environment variable: COR_PROFILER = {AA5E4821-E3B1-479c-B7FF-5AD047D22CED}
237 [15940] INFO perfrun.launcher <> - set environment variable: COMPLUS_ProfAPI_ProfilerCompatibilitySetting = EnableV2Profiler
237 [15940] INFO perfrun.launcher <> - set environment variable: CORECLR_ENABLE_PROFILING = 1
237 [15940] INFO perfrun.launcher <> - set environment variable: CORECLR_PROFILER = {AA5E4821-E3B1-479c-B7FF-5AD047D22CED}
237 [15940] INFO perfrun.launcher <> - set environment variable: CORECLR_PROFILER_PATH = D:\'\paralleling\vtune\2024.0\bin64/amplxe_samplingmrte_clrprof_1.0.dll
238 [15940] INFO perfrun.launcher <> - set environment variable: INTEL_MRTE_PROFILER_MODE = mixed
238 [15940] INFO perfrun.launcher <> - RpcServer: run RPC server to handle requests
245 [15940] INFO perfrun.sdk <> - IProcessUtil: the given executable 'D:\大二下\paralleling\实验\lab1\Nsum\main.exe' is valid.
245 [15940] INFO perfrun.launcher <> - Launcher: command line to start before modification = D:\大二下\paralleling\实验\lab1\Nsum\main.exe
246 [15940] INFO perfrun.launcher <> - Launcher: command line to start after modification = D:\大二下\paralleling\实验\lab1\Nsum\main.exe
246 [15940] INFO perfrun.launcher <> - ProcessCreator object was created
250 [15940] INFO perfrun.launcher <> - Launcher: the process was started in suspend mode
250 [30844] INFO perfrun.launcher <> - Messenger::say: Peak bandwidth measurement started.
4105 [30844] INFO perfrun.launcher <> - Messenger::say: Peak bandwidth measurement finished.
4114 [30844] INFO perfrun.sdk <> - Allocating TMU :D:\大二下\paralleling\实验\Analysisi\NSUM\r000ps\data.0\gen_metrics0_0_2_0_0.0.cfg
4114 [30844] INFO perfrun.sdk <> - De-allocating TMU: D:\大二下\paralleling\实验\Analysisi\NSUM\r000ps\data.0\gen_metrics0_0_2_0_0.0.cfg
4130 [30844] INFO perfrun.gpu <> - GPU counting mode: initialization successful
4134 [30844] INFO perfrun.gpu <> - Creating main data processing loop
4135 [8300] INFO perfrun.sdk <> - Allocating TMU :D:\大二下\paralleling\实验\Analysisi\NSUM\r000ps\data.0\gen_metrics0_0_2_0_0.0.vtss
4135 [8300] INFO perfrun.gpu <> - IO stream opening, timer period: 1000000, buffer size: 0 subDevice 0 tile 0
4136 [30844] INFO perfrun.sdk <> - runCmd: D:\'\paralleling\vtune\2024.0\bin64\emon.exe -M
4138 [8300] INFO perfrun.gpu <> - IO stream opened, timer period: 853333, buffer size: 16777216
4167 [30844] INFO perfrun.sdk <> - runCmd started PID 15056
4382 [30844] INFO perfrun.sdk <> - runCmd: D:\'\paralleling\vtune\2024.0\bin64\emon.exe -v
4386 [30844] INFO perfrun.sdk <> - runCmd started PID 28312
4543 [30844] INFO perfrun.sdk <> - runCmd: D:\'\paralleling\vtune\2024.0\bin64\sep.exe -dry-run -ec CPU_CLK_UNHALTED.THREAD:sa=1100000,CPU_CLK_UNHALTED.REF_TSC:sample:sa=1100000,INST_RETIRED.ANY:sample:sa=1100000,CPU_CLK_UNHALTED.DISTRIBUTED:sa=1100000,TOPDOWN.SLOTS:sample:sa=2000003,UOPS_RETIRED.SLOTS:sample:sa=2000003,FP_ARITH_INST_RETIRED.SCALAR_SINGLE:sa=2000003,FP_ARITH_INST_RETIRED.128B_PACKED_SINGLE:sa=2000003,FP_ARITH_INST_RETIRED.256B_PACKED_SINGLE:sa=2000003,FP_ARITH_INST_RETIRED.SCALAR_DOUBLE:sa=2000003,FP_ARITH_INST_RETIRED.128B_PACKED_DOUBLE:sa=2000003,FP_ARITH_INST_RETIRED.256B_PACKED_DOUBLE:sa=2000003,UOPS_EXECUTED.X87:sa=2000003,UOPS_EXECUTED.THREAD:sa=2000003,FP_ARITH_INST_RETIRED.512B_PACKED_DOUBLE:sa=2000003,FP_ARITH_INST_RETIRED.512B_PACKED_SINGLE:sa=2000003,CPU_CLK_UNHALTED.THREAD_P,CYCLE_ACTIVITY.STALLS_L1D_MISS,CYCLE_ACTIVITY.STALLS_L2_MISS,CYCLE_ACTIVITY.STALLS_L3_MISS,CYCLE_ACTIVITY.STALLS_MEM_ANY,CYCLE_ACTIVITY.STALLS_TOTAL,EXE_ACTIVITY.1_PORTS_UTIL,EXE_ACTIVITY.2_PORTS_UTIL,EXE_ACTIVITY.BOUND_ON_STORES,FRONTEND_RETIRED.LATENCY_GE_4,IDQ_UOPS_NOT_DELIVERED.CORE,INT_MISC.RECOVERY_CYCLES:cmask=1:e=yes,INT_MISC.UOP_DROPPING,L1D_PEND_MISS.FB_FULL_PERIODS,MEM_LOAD_RETIRED.FB_HIT,MEM_LOAD_RETIRED.L1_HIT,MEM_LOAD_RETIRED.L1_MISS,MEM_LOAD_RETIRED.L2_HIT,MEM_LOAD_RETIRED.L3_HIT,MEM_LOAD_RETIRED.L3_MISS,OFFCORE_REQUESTS_OUTSTANDING.ALL_DATA_RD:cmask=4,OFFCORE_REQUESTS_OUTSTANDING.CYCLES_WITH_DATA_RD,TOPDOWN.BACKEND_BOUND_SLOTS,MEM_INST_RETIRED.ALL_STORES:sa=100003,MEM_INST_RETIRED.ALL_LOADS:sa=100003,UNC_MC0_RDCAS_COUNT_FREERUN,UNC_MC0_WRCAS_COUNT_FREERUN,UNC_MC1_RDCAS_COUNT_FREERUN,UNC_MC1_WRCAS_COUNT_FREERUN -experimental
4547 [30844] INFO perfrun.sdk <> - runCmd started PID 11696
4643 [8300] INFO perfrun.gpu <> - Next report we'll be handling the low-power state
4643 [8300] INFO perfrun.gpu <> - Entered handling of low-power state
4643 [8300] INFO perfrun.gpu <> - Exited handling of low-power state
4643 [8300] INFO perfrun.gpu <> - Next report we'll be handling the low-power state
4643 [8300] INFO perfrun.gpu <> - Entered handling of low-power state
4643 [8300] INFO perfrun.gpu <> - Exited handling of low-power state
4643 [8300] INFO perfrun.gpu <> - Next report we'll be handling the low-power state
4643 [8300] INFO perfrun.gpu <> - Entered handling of low-power state
4643 [8300] INFO perfrun.gpu <> - Exited handling of low-power state
4643 [8300] INFO perfrun.gpu <> - Next report we'll be handling the low-power state
4643 [8300] INFO perfrun.gpu <> - Entered handling of low-power state
4643 [8300] INFO perfrun.gpu <> - Exited handling of low-power state
4643 [8300] INFO perfrun.gpu <> - Next report we'll be handling the low-power state
4643 [8300] INFO perfrun.gpu <> - Entered handling of low-power state
4643 [8300] INFO perfrun.gpu <> - Exited handling of low-power state
4643 [8300] INFO perfrun.gpu <> - Next report we'll be handling the low-power state
4643 [8300] INFO perfrun.gpu <> - Entered handling of low-power state
4713 [30844] INFO perfrun.sdk <> - runCmd: D:\'\paralleling\vtune\2024.0\bin64\emon.exe -u -t 0.010 -l0 -A -C CPU_CLK_UNHALTED.DISTRIBUTED,CPU_CLK_UNHALTED.REF_TSC,CPU_CLK_UNHALTED.THREAD,CPU_CLK_UNHALTED.THREAD_P,CYCLE_ACTIVITY.STALLS_L1D_MISS,CYCLE_ACTIVITY.STALLS_L2_MISS,CYCLE_ACTIVITY.STALLS_L3_MISS,CYCLE_ACTIVITY.STALLS_MEM_ANY,CYCLE_ACTIVITY.STALLS_TOTAL,EXE_ACTIVITY.1_PORTS_UTIL,EXE_ACTIVITY.2_PORTS_UTIL,EXE_ACTIVITY.BOUND_ON_STORES,FP_ARITH_INST_RETIRED.128B_PACKED_DOUBLE,FP_ARITH_INST_RETIRED.128B_PACKED_SINGLE,FP_ARITH_INST_RETIRED.256B_PACKED_DOUBLE,FP_ARITH_INST_RETIRED.256B_PACKED_SINGLE,FP_ARITH_INST_RETIRED.512B_PACKED_DOUBLE,FP_ARITH_INST_RETIRED.512B_PACKED_SINGLE,FP_ARITH_INST_RETIRED.SCALAR_DOUBLE,FP_ARITH_INST_RETIRED.SCALAR_SINGLE,FRONTEND_RETIRED.LATENCY_GE_4,IDQ_UOPS_NOT_DELIVERED.CORE,INST_RETIRED.ANY,INT_MISC.RECOVERY_CYCLES:c1:e1,INT_MISC.UOP_DROPPING,L1D_PEND_MISS.FB_FULL_PERIODS,MEM_INST_RETIRED.ALL_LOADS,MEM_INST_RETIRED.ALL_STORES,MEM_LOAD_RETIRED.FB_HIT,MEM_LOAD_RETIRED.L1_HIT,MEM_LOAD_RETIRED.L1_MISS,MEM_LOAD_RETIRED.L2_HIT,MEM_LOAD_RETIRED.L3_HIT,MEM_LOAD_RETIRED.L3_MISS,OFFCORE_REQUESTS_OUTSTANDING.ALL_DATA_RD:c4,OFFCORE_REQUESTS_OUTSTANDING.CYCLES_WITH_DATA_RD,TOPDOWN.BACKEND_BOUND_SLOTS,TOPDOWN.SLOTS,UNC_MC0_RDCAS_COUNT_FREERUN,UNC_MC0_WRCAS_COUNT_FREERUN,UNC_MC1_RDCAS_COUNT_FREERUN,UNC_MC1_WRCAS_COUNT_FREERUN,UOPS_EXECUTED.THREAD,UOPS_EXECUTED.X87,UOPS_RETIRED.SLOTS -f D:\大二下\paralleling\实验\Analysisi\NSUM\r000ps\data.0\emon.0.emon -experimental
4719 [30844] INFO perfrun.sdk <> - runCmd started PID 24756
4719 [30844] INFO perfrun.emon <> - Waiting trace file creation: D:\大二下\paralleling\实验\Analysisi\NSUM\r000ps\data.0\emon.0.emon
4922 [30844] INFO perfrun.emon <> - trace file was found
4922 [15940] INFO perfrun.launcher <> - Launcher: all plugins were started
4923 [15940] INFO perfrun.launcher <> - DirectoryMonitor object was created
4923 [15940] INFO perfrun.launcher <> - DirectoryMonitor: a callback was added
4923 [15940] INFO perfrun.launcher <> - DirectoryMonitor was started with pingTime = 1000
4923 [15940] INFO perfrun.launcher <> - DeadlineTimer is going to be constructed
4923 [15940] INFO perfrun.launcher <> - DeadlineTimer: a callback was added
4943 [15940] INFO perfrun.launcher <> - Launcher: resume the profiled application and  wait its termination or stop command
5086 [15940] INFO perfrun.launcher <> - Launcher: the profiled application was terminated  with exit code = 0
5099 [30844] INFO perfrun.gpu <> - Waiting for data collection thread to finish
5154 [8300] INFO perfrun.gpu <> - Exited handling of low-power state
5154 [8300] INFO perfrun.gpu <> - Next report we'll be handling the low-power state
5154 [8300] INFO perfrun.gpu <> - Entered handling of low-power state
5154 [8300] INFO perfrun.gpu <> - Exited handling of low-power state
5154 [8300] INFO perfrun.gpu <> - Next report we'll be handling the low-power state
5154 [8300] INFO perfrun.gpu <> - Entered handling of low-power state
5154 [8300] INFO perfrun.gpu <> - Exited handling of low-power state
5154 [8300] INFO perfrun.gpu <> - Next report we'll be handling the low-power state
5154 [8300] INFO perfrun.gpu <> - Entered handling of low-power state
5154 [8300] INFO perfrun.gpu <> - Exited handling of low-power state
5154 [8300] INFO perfrun.gpu <> - Next report we'll be handling the low-power state
5154 [8300] INFO perfrun.gpu <> - Entered handling of low-power state
5154 [8300] INFO perfrun.gpu <> - Exited handling of low-power state
5154 [8300] INFO perfrun.gpu <> - Next report we'll be handling the low-power state
5154 [8300] INFO perfrun.gpu <> - Entered handling of low-power state
5154 [8300] INFO perfrun.gpu <> - Exited handling of low-power state
5154 [8300] INFO perfrun.gpu <> - Next report we'll be handling the low-power state
5154 [8300] INFO perfrun.gpu <> - Entered handling of low-power state
5154 [8300] INFO perfrun.gpu <> - Exited handling of low-power state
5154 [8300] INFO perfrun.gpu <> - Next report we'll be handling the low-power state
5155 [8300] INFO perfrun.gpu <> - Entered handling of low-power state
5155 [8300] INFO perfrun.gpu <> - Exited handling of low-power state
5155 [8300] INFO perfrun.gpu <> - Next report we'll be handling the low-power state
5155 [8300] INFO perfrun.gpu <> - Entered handling of low-power state
5155 [8300] INFO perfrun.gpu <> - Exited handling of low-power state
5155 [8300] INFO perfrun.gpu <> - Next report we'll be handling the low-power state
5155 [8300] INFO perfrun.gpu <> - Entered handling of low-power state
5155 [8300] INFO perfrun.gpu <> - Exited handling of low-power state
5155 [8300] INFO perfrun.gpu <> - Next report we'll be handling the low-power state
5155 [8300] INFO perfrun.gpu <> - Entered handling of low-power state
5155 [8300] INFO perfrun.gpu <> - Exited handling of low-power state
5155 [8300] INFO perfrun.gpu <> - Next report we'll be handling the low-power state
5155 [8300] INFO perfrun.gpu <> - Entered handling of low-power state
5155 [8300] INFO perfrun.gpu <> - Exited handling of low-power state
5155 [8300] INFO perfrun.gpu <> - Next report we'll be handling the low-power state
5155 [8300] INFO perfrun.gpu <> - Entered handling of low-power state
5155 [8300] INFO perfrun.gpu <> - Exited handling of low-power state
5155 [8300] INFO perfrun.gpu <> - Next report we'll be handling the low-power state
5155 [8300] INFO perfrun.gpu <> - Entered handling of low-power state
5155 [8300] INFO perfrun.gpu <> - Exited handling of low-power state
5155 [8300] INFO perfrun.gpu <> - Next report we'll be handling the low-power state
5155 [8300] INFO perfrun.gpu <> - Entered handling of low-power state
5155 [8300] INFO perfrun.gpu <> - Exited handling of low-power state
5155 [8300] INFO perfrun.gpu <> - Next report we'll be handling the low-power state
5155 [8300] INFO perfrun.gpu <> - Entered handling of low-power state
5155 [8300] INFO perfrun.gpu <> - Exited handling of low-power state
5155 [8300] INFO perfrun.gpu <> - Next report we'll be handling the low-power state
5156 [8300] INFO perfrun.gpu <> - Entered handling of low-power state
5156 [8300] INFO perfrun.gpu <> - Exited handling of low-power state
5156 [8300] INFO perfrun.gpu <> - Next report we'll be handling the low-power state
5156 [8300] INFO perfrun.gpu <> - Writing dual vector buffer
5156 [8300] INFO perfrun.sdk <> - De-allocating TMU: D:\大二下\paralleling\实验\Analysisi\NSUM\r000ps\data.0\gen_metrics0_0_2_0_0.0.vtss
5168 [8300] INFO perfrun.gpu <> - Data collection routine finished
5174 [30844] INFO perfrun.gpu <> - Data collection thread finished, shutting down the session
5174 [30844] INFO perfrun.sdk <> - runCmd: D:\'\paralleling\vtune\2024.0\bin64\emon.exe -stop
5187 [30844] INFO perfrun.sdk <> - runCmd started PID 18172
5522 [30844] INFO perfrun.emon <> - WARNING: Windows Defender Antivirus may interfere PMU counter accesses which can fail to collect data in the collection. Please turn off Real Time Protection toggle switch and re-run the collection. Refer to EMON User Guide for more details.
EMON collector successfully stopped.

5522 [30844] INFO perfrun.emon <> - Waiting for main Emon process (24756) to finish...
5523 [30844] INFO perfrun.emon <> - Main Emon process finished
5523 [30844] INFO perfrun.sdk <> - De-allocating TMU: D:\大二下\paralleling\实验\Analysisi\NSUM\r000ps\data.0\systemcollector-11792-LAPTOP-5LELTKLF.sc
5543 [30844] INFO perfrun.system <> - closed the system trace file: D:\大二下\paralleling\实验\Analysisi\NSUM\r000ps\data.0\systemcollector-11792-LAPTOP-5LELTKLF.sc
5543 [15940] INFO perfrun.launcher <> - Launcher: all plugins were stopped.
5543 [15940] INFO perfrun.launcher <> - DeadlineTimer is going to be destroyed
5543 [15940] INFO perfrun.launcher <> - DeadlineTimer was destroyed
5543 [15940] INFO perfrun.launcher <> - DirectoryMonitor object was destroyed
5543 [15940] WARN perfrun.launcher <> - Stop command is ignored because it is received when collection is already stopped, at file: vcs\perfrun1\launcher\src\command_handler.cpp:226
5544 [15940] INFO perfrun.launcher <> - Application exit code: 0
5544 [15940] INFO perfrun.launcher <> - Exit code: 0
